<?xml version="1.0" encoding="UTF-8"?>
<robot generator="Robot 7.1 (Python 3.12.2 on win32)" generated="2024-10-05T16:35:55.727491" rpa="false" schemaversion="5">
<suite id="s1" name="Test Booker" source="c:\ITERASYS\Lista12\__tests__\api\test_booker.robot">
<kw name="Run Requirements" owner="common" type="SETUP">
<kw name="Create Token" owner="common">
<kw name="Create Dictionary" owner="BuiltIn">
<msg time="2024-10-05T16:35:56.690732" level="INFO">${body} = {'username': 'admin', 'password': 'password123'}</msg>
<var>${body}</var>
<arg>username=admin</arg>
<arg>password=password123</arg>
<doc>Creates and returns a dictionary based on the given ``items``.</doc>
<status status="PASS" start="2024-10-05T16:35:56.689733" elapsed="0.005999"/>
</kw>
<kw name="POST" owner="RequestsLibrary">
<msg time="2024-10-05T16:35:57.322778" level="INFO">POST Request : url=https://restful-booker.herokuapp.com/auth 
 path_url=/auth 
 headers={'User-Agent': 'python-requests/2.32.3', 'Accept-Encoding': 'gzip, deflate', 'Accept': '*/*', 'Connection': 'keep-alive', 'Content-Length': '48', 'Content-Type': 'application/json'} 
 body=b'{"username": "admin", "password": "password123"}' 
 </msg>
<msg time="2024-10-05T16:35:57.322778" level="INFO">POST Response : url=https://restful-booker.herokuapp.com/auth 
 status=200, reason=OK 
 headers={'Server': 'Cowboy', 'Report-To': '{"group":"heroku-nel","max_age":3600,"endpoints":[{"url":"https://nel.heroku.com/reports?ts=1728156958&amp;sid=c46efe9b-d3d2-4a0c-8c76-bfafa16c5add&amp;s=%2FgS4QPV1cw4Pu7vMUrM9nAFc%2Fhpsmuq3tmIbwsRVGrs%3D"}]}', 'Reporting-Endpoints': 'heroku-nel=https://nel.heroku.com/reports?ts=1728156958&amp;sid=c46efe9b-d3d2-4a0c-8c76-bfafa16c5add&amp;s=%2FgS4QPV1cw4Pu7vMUrM9nAFc%2Fhpsmuq3tmIbwsRVGrs%3D', 'Nel': '{"report_to":"heroku-nel","max_age":3600,"success_fraction":0.005,"failure_fraction":0.05,"response_headers":["Via"]}', 'Connection': 'keep-alive', 'X-Powered-By': 'Express', 'Content-Type': 'application/json; charset=utf-8', 'Content-Length': '27', 'Etag': 'W/"1b-xtjg0Xze8Eg1omjDHfepCb92wIc"', 'Date': 'Sat, 05 Oct 2024 19:35:58 GMT', 'Via': '1.1 vegur'} 
 body={"token":"3adeb12cddf79b8"} 
 </msg>
<msg time="2024-10-05T16:35:57.322778" level="INFO">${response} = &lt;Response [200]&gt;</msg>
<var>${response}</var>
<arg>url=${url}/auth</arg>
<arg>json=${body}</arg>
<doc>Sends a POST request.</doc>
<status status="PASS" start="2024-10-05T16:35:56.695732" elapsed="0.627046"/>
</kw>
<kw name="Status Should Be" owner="RequestsLibrary">
<arg>200</arg>
<doc>Fails if response status code is different than the expected.</doc>
<status status="PASS" start="2024-10-05T16:35:57.323779" elapsed="0.000000"/>
</kw>
<kw name="Set Variable" owner="BuiltIn">
<msg time="2024-10-05T16:35:57.324778" level="INFO">${token} = 3adeb12cddf79b8</msg>
<var>${token}</var>
<arg>${response.json()}[token]</arg>
<doc>Returns the given values which can then be assigned to a variables.</doc>
<status status="PASS" start="2024-10-05T16:35:57.323779" elapsed="0.000999"/>
</kw>
<kw name="Set Suite Variable" owner="BuiltIn">
<msg time="2024-10-05T16:35:57.325778" level="INFO">${token} = 3adeb12cddf79b8</msg>
<arg>${token}</arg>
<doc>Makes a variable available everywhere within the scope of the current suite.</doc>
<status status="PASS" start="2024-10-05T16:35:57.324778" elapsed="0.001000"/>
</kw>
<kw name="Log To Console" owner="BuiltIn">
<arg>${token}</arg>
<doc>Logs the given message to the console.</doc>
<status status="PASS" start="2024-10-05T16:35:57.325778" elapsed="0.000980"/>
</kw>
<arg>${url}</arg>
<status status="PASS" start="2024-10-05T16:35:56.688734" elapsed="0.638024"/>
</kw>
<kw name="Ping HealthCheck" owner="common">
<kw name="GET" owner="RequestsLibrary">
<msg time="2024-10-05T16:35:57.912577" level="INFO">GET Request : url=https://restful-booker.herokuapp.com/ping 
 path_url=/ping 
 headers={'User-Agent': 'python-requests/2.32.3', 'Accept-Encoding': 'gzip, deflate', 'Accept': '*/*', 'Connection': 'keep-alive'} 
 body=None 
 </msg>
<msg time="2024-10-05T16:35:57.912577" level="INFO">GET Response : url=https://restful-booker.herokuapp.com/ping 
 status=201, reason=Created 
 headers={'Server': 'Cowboy', 'Report-To': '{"group":"heroku-nel","max_age":3600,"endpoints":[{"url":"https://nel.heroku.com/reports?ts=1728156958&amp;sid=c46efe9b-d3d2-4a0c-8c76-bfafa16c5add&amp;s=%2FgS4QPV1cw4Pu7vMUrM9nAFc%2Fhpsmuq3tmIbwsRVGrs%3D"}]}', 'Reporting-Endpoints': 'heroku-nel=https://nel.heroku.com/reports?ts=1728156958&amp;sid=c46efe9b-d3d2-4a0c-8c76-bfafa16c5add&amp;s=%2FgS4QPV1cw4Pu7vMUrM9nAFc%2Fhpsmuq3tmIbwsRVGrs%3D', 'Nel': '{"report_to":"heroku-nel","max_age":3600,"success_fraction":0.005,"failure_fraction":0.05,"response_headers":["Via"]}', 'Connection': 'keep-alive', 'X-Powered-By': 'Express', 'Content-Type': 'text/plain; charset=utf-8', 'Content-Length': '7', 'Etag': 'W/"7-rM9AyJuqT6iOan/xHh+AW+7K/T8"', 'Date': 'Sat, 05 Oct 2024 19:35:58 GMT', 'Via': '1.1 vegur'} 
 body=Created 
 </msg>
<msg time="2024-10-05T16:35:57.912577" level="INFO">${response} = &lt;Response [201]&gt;</msg>
<var>${response}</var>
<arg>url=${url}/ping</arg>
<doc>Sends a GET request.</doc>
<status status="PASS" start="2024-10-05T16:35:57.328756" elapsed="0.583821"/>
</kw>
<kw name="Status Should Be" owner="RequestsLibrary">
<arg>201</arg>
<doc>Fails if response status code is different than the expected.</doc>
<status status="PASS" start="2024-10-05T16:35:57.912577" elapsed="0.000000"/>
</kw>
<arg>${url}</arg>
<status status="PASS" start="2024-10-05T16:35:57.327757" elapsed="0.584820"/>
</kw>
<arg>${url}</arg>
<status status="PASS" start="2024-10-05T16:35:56.687734" elapsed="1.224843"/>
</kw>
<test id="s1-t1" name="Delete Booking" line="88">
<kw name="Get Booking Id" owner="common">
<kw name="GET" owner="RequestsLibrary">
<msg time="2024-10-05T16:35:58.487449" level="INFO">GET Request : url=https://restful-booker.herokuapp.com/booking?firstname=Paulo&amp;lastname=Correia 
 path_url=/booking?firstname=Paulo&amp;lastname=Correia 
 headers={'User-Agent': 'python-requests/2.32.3', 'Accept-Encoding': 'gzip, deflate', 'Accept': '*/*', 'Connection': 'keep-alive'} 
 body=None 
 </msg>
<msg time="2024-10-05T16:35:58.487449" level="INFO">GET Response : url=https://restful-booker.herokuapp.com/booking?firstname=Paulo&amp;lastname=Correia 
 status=200, reason=OK 
 headers={'Server': 'Cowboy', 'Report-To': '{"group":"heroku-nel","max_age":3600,"endpoints":[{"url":"https://nel.heroku.com/reports?ts=1728156959&amp;sid=c46efe9b-d3d2-4a0c-8c76-bfafa16c5add&amp;s=NetAqRQpq%2Bh4VbUCvR2NLU7ep4k5cTO3Rl5kDWw52CY%3D"}]}', 'Reporting-Endpoints': 'heroku-nel=https://nel.heroku.com/reports?ts=1728156959&amp;sid=c46efe9b-d3d2-4a0c-8c76-bfafa16c5add&amp;s=NetAqRQpq%2Bh4VbUCvR2NLU7ep4k5cTO3Rl5kDWw52CY%3D', 'Nel': '{"report_to":"heroku-nel","max_age":3600,"success_fraction":0.005,"failure_fraction":0.05,"response_headers":["Via"]}', 'Connection': 'keep-alive', 'X-Powered-By': 'Express', 'Content-Type': 'application/json; charset=utf-8', 'Content-Length': '20', 'Etag': 'W/"14-1UnzAXy8fC87a8HOS9CWf1xd9ZQ"', 'Date': 'Sat, 05 Oct 2024 19:35:59 GMT', 'Via': '1.1 vegur'} 
 body=[{"bookingid":2159}] 
 </msg>
<msg time="2024-10-05T16:35:58.487449" level="INFO">${response} = &lt;Response [200]&gt;</msg>
<var>${response}</var>
<arg>url=${url}/booking?firstname=${firstname}&amp;lastname=${lastname}</arg>
<doc>Sends a GET request.</doc>
<status status="PASS" start="2024-10-05T16:35:57.912577" elapsed="0.574872"/>
</kw>
<kw name="Set Variable" owner="BuiltIn">
<msg time="2024-10-05T16:35:58.487449" level="INFO">${response_body} = [{'bookingid': 2159}]</msg>
<var>${response_body}</var>
<arg>${response.json()}</arg>
<doc>Returns the given values which can then be assigned to a variables.</doc>
<status status="PASS" start="2024-10-05T16:35:58.487449" elapsed="0.000000"/>
</kw>
<kw name="Log To Console" owner="BuiltIn">
<arg>${response_body}</arg>
<doc>Logs the given message to the console.</doc>
<status status="PASS" start="2024-10-05T16:35:58.487449" elapsed="0.000000"/>
</kw>
<kw name="Status Should Be" owner="RequestsLibrary">
<arg>200</arg>
<doc>Fails if response status code is different than the expected.</doc>
<status status="PASS" start="2024-10-05T16:35:58.487449" elapsed="0.000000"/>
</kw>
<kw name="Set Variable" owner="BuiltIn">
<msg time="2024-10-05T16:35:58.487449" level="INFO">${booking_id} = 2159</msg>
<var>${booking_id}</var>
<arg>${response_body}[0][bookingid]</arg>
<doc>Returns the given values which can then be assigned to a variables.</doc>
<status status="PASS" start="2024-10-05T16:35:58.487449" elapsed="0.000000"/>
</kw>
<kw name="Set Suite Variable" owner="BuiltIn">
<msg time="2024-10-05T16:35:58.487449" level="INFO">${booking_id} = 2159</msg>
<arg>${booking_id}</arg>
<doc>Makes a variable available everywhere within the scope of the current suite.</doc>
<status status="PASS" start="2024-10-05T16:35:58.487449" elapsed="0.000000"/>
</kw>
<arg>${url}</arg>
<arg>${firstname}</arg>
<arg>${lastname}</arg>
<status status="PASS" start="2024-10-05T16:35:57.912577" elapsed="0.574872"/>
</kw>
<kw name="Create Dictionary" owner="BuiltIn">
<msg time="2024-10-05T16:35:58.487449" level="INFO">${headers} = {'Cookie': 'token=3adeb12cddf79b8', 'Content-Type': 'application/json'}</msg>
<var>${headers}</var>
<arg>Cookie=token=${token}</arg>
<arg>Content-Type=${content_type}</arg>
<doc>Creates and returns a dictionary based on the given ``items``.</doc>
<status status="PASS" start="2024-10-05T16:35:58.487449" elapsed="0.014597"/>
</kw>
<kw name="DELETE" owner="RequestsLibrary">
<msg time="2024-10-05T16:35:59.069444" level="INFO">DELETE Request : url=https://restful-booker.herokuapp.com/booking/2159 
 path_url=/booking/2159 
 headers={'User-Agent': 'python-requests/2.32.3', 'Accept-Encoding': 'gzip, deflate', 'Accept': '*/*', 'Connection': 'keep-alive', 'Cookie': 'token=3adeb12cddf79b8', 'Content-Type': 'application/json', 'Content-Length': '0'} 
 body=None 
 </msg>
<msg time="2024-10-05T16:35:59.069444" level="INFO">DELETE Response : url=https://restful-booker.herokuapp.com/booking/2159 
 status=201, reason=Created 
 headers={'Server': 'Cowboy', 'Report-To': '{"group":"heroku-nel","max_age":3600,"endpoints":[{"url":"https://nel.heroku.com/reports?ts=1728156959&amp;sid=c46efe9b-d3d2-4a0c-8c76-bfafa16c5add&amp;s=NetAqRQpq%2Bh4VbUCvR2NLU7ep4k5cTO3Rl5kDWw52CY%3D"}]}', 'Reporting-Endpoints': 'heroku-nel=https://nel.heroku.com/reports?ts=1728156959&amp;sid=c46efe9b-d3d2-4a0c-8c76-bfafa16c5add&amp;s=NetAqRQpq%2Bh4VbUCvR2NLU7ep4k5cTO3Rl5kDWw52CY%3D', 'Nel': '{"report_to":"heroku-nel","max_age":3600,"success_fraction":0.005,"failure_fraction":0.05,"response_headers":["Via"]}', 'Connection': 'keep-alive', 'X-Powered-By': 'Express', 'Content-Type': 'text/plain; charset=utf-8', 'Content-Length': '7', 'Etag': 'W/"7-rM9AyJuqT6iOan/xHh+AW+7K/T8"', 'Date': 'Sat, 05 Oct 2024 19:35:59 GMT', 'Via': '1.1 vegur'} 
 body=Created 
 </msg>
<msg time="2024-10-05T16:35:59.069444" level="INFO">${response} = &lt;Response [201]&gt;</msg>
<var>${response}</var>
<arg>url=${url}/booking/${booking_id}</arg>
<arg>headers=${headers}</arg>
<doc>Sends a DELETE request.</doc>
<status status="PASS" start="2024-10-05T16:35:58.502046" elapsed="0.567398"/>
</kw>
<kw name="Status Should Be" owner="RequestsLibrary">
<arg>201</arg>
<doc>Fails if response status code is different than the expected.</doc>
<status status="PASS" start="2024-10-05T16:35:59.069444" elapsed="0.000000"/>
</kw>
<status status="PASS" start="2024-10-05T16:35:57.912577" elapsed="1.173883"/>
</test>
<status status="PASS" start="2024-10-05T16:35:55.736361" elapsed="3.366331"/>
</suite>
<statistics>
<total>
<stat pass="1" fail="0" skip="0">All Tests</stat>
</total>
<tag>
</tag>
<suite>
<stat pass="1" fail="0" skip="0" id="s1" name="Test Booker">Test Booker</stat>
</suite>
</statistics>
<errors>
</errors>
</robot>
